Using pre-set license
Built from '2022.1/staging' branch; Version is '2022.1.9f1 (07e076b6d414) revision 516214'; Using compiler version '192829333'; Build Type 'Release'
OS: 'Windows 11  (10.0.22000) 64bit Core' Language: 'fr' Physical Memory: 8059 MB
BatchMode: 1, IsHumanControllingUs: 0, StartBugReporterOnCrash: 0, Is64bit: 1, IsPro: 1

COMMAND LINE ARGUMENTS:
C:\Program Files\Unity 2022.1.9f1\Editor\Unity.exe
-adb2
-batchMode
-noUpm
-name
AssetImportWorker0
-projectPath
C:/Users/Anxian Zhang/Documents/Unity/1rt-game
-logFile
Logs/AssetImportWorker0.log
-srvPort
65021
Successfully changed project path to: C:/Users/Anxian Zhang/Documents/Unity/1rt-game
C:/Users/Anxian Zhang/Documents/Unity/1rt-game
[UnityMemory] Configuration Parameters - Can be set up in boot.config
    "memorysetup-bucket-allocator-granularity=16"
    "memorysetup-bucket-allocator-bucket-count=8"
    "memorysetup-bucket-allocator-block-size=33554432"
    "memorysetup-bucket-allocator-block-count=8"
    "memorysetup-main-allocator-block-size=16777216"
    "memorysetup-thread-allocator-block-size=16777216"
    "memorysetup-gfx-main-allocator-block-size=16777216"
    "memorysetup-gfx-thread-allocator-block-size=16777216"
    "memorysetup-cache-allocator-block-size=4194304"
    "memorysetup-typetree-allocator-block-size=2097152"
    "memorysetup-profiler-bucket-allocator-granularity=16"
    "memorysetup-profiler-bucket-allocator-bucket-count=8"
    "memorysetup-profiler-bucket-allocator-block-size=33554432"
    "memorysetup-profiler-bucket-allocator-block-count=8"
    "memorysetup-profiler-allocator-block-size=16777216"
    "memorysetup-profiler-editor-allocator-block-size=1048576"
    "memorysetup-temp-allocator-size-main=16777216"
    "memorysetup-job-temp-allocator-block-size=2097152"
    "memorysetup-job-temp-allocator-block-size-background=1048576"
    "memorysetup-job-temp-allocator-reduction-small-platforms=262144"
    "memorysetup-temp-allocator-size-background-worker=32768"
    "memorysetup-temp-allocator-size-job-worker=262144"
    "memorysetup-temp-allocator-size-preload-manager=33554432"
    "memorysetup-temp-allocator-size-nav-mesh-worker=65536"
    "memorysetup-temp-allocator-size-audio-worker=65536"
    "memorysetup-temp-allocator-size-cloud-worker=32768"
    "memorysetup-temp-allocator-size-gi-baking-worker=262144"
    "memorysetup-temp-allocator-size-gfx=262144"
Refreshing native plugins compatible for Editor in 101.73 ms, found 4 plugins.
Preloading 0 native plugins for Editor in 0.00 ms.
Initialize engine version: 2022.1.9f1 (07e076b6d414)
[Subsystems] Discovering subsystems at path C:/Program Files/Unity 2022.1.9f1/Editor/Data/Resources/UnitySubsystems
[Subsystems] Discovering subsystems at path C:/Users/Anxian Zhang/Documents/Unity/1rt-game/Assets
GfxDevice: creating device client; threaded=0; jobified=0
Direct3D:
    Version:  Direct3D 11.0 [level 11.1]
    Renderer: NVIDIA GeForce GTX 1050 (ID=0x1c81)
    Vendor:   NVIDIA
    VRAM:     1977 MB
    Driver:   27.21.14.5751
Initialize mono
Mono path[0] = 'C:/Program Files/Unity 2022.1.9f1/Editor/Data/Managed'
Mono path[1] = 'C:/Program Files/Unity 2022.1.9f1/Editor/Data/MonoBleedingEdge/lib/mono/unityjit-win32'
Mono config path = 'C:/Program Files/Unity 2022.1.9f1/Editor/Data/MonoBleedingEdge/etc'
Using monoOptions --debugger-agent=transport=dt_socket,embedding=1,server=y,suspend=n,address=127.0.0.1:56656
Begin MonoManager ReloadAssembly
Registering precompiled unity dll's ...
Register platform support module: C:/Program Files/Unity 2022.1.9f1/Editor/Data/PlaybackEngines/WindowsStandaloneSupport/UnityEditor.WindowsStandalone.Extensions.dll
Registered in 0.003406 seconds.
Native extension for WindowsStandalone target not found
Refreshing native plugins compatible for Editor in 98.65 ms, found 4 plugins.
Preloading 0 native plugins for Editor in 0.00 ms.
Mono: successfully reloaded assembly
- Completed reload, in  0.770 seconds
Domain Reload Profiling:
	ReloadAssembly (770ms)
		BeginReloadAssembly (147ms)
			ExecutionOrderSort (0ms)
			DisableScriptedObjects (0ms)
			BackupInstance (0ms)
			ReleaseScriptingObjects (0ms)
			CreateAndSetChildDomain (1ms)
		EndReloadAssembly (513ms)
			LoadAssemblies (145ms)
			RebuildTransferFunctionScriptingTraits (0ms)
			SetupTypeCache (118ms)
				TypeCache.Initialize (118ms)
					TypeCache.ScanAssembly (116ms)
				ResolveRequiredComponents (1ms)
			ReleaseScriptCaches (0ms)
			RebuildScriptCaches (32ms)
			SetupLoadedEditorAssemblies (308ms)
				LogAssemblyErrors (0ms)
				InitializePlatformSupportModulesInManaged (7ms)
				SetLoadedEditorAssemblies (8ms)
				RefreshPlugins (99ms)
				BeforeProcessingInitializeOnLoad (1ms)
				ProcessInitializeOnLoadAttributes (140ms)
				ProcessInitializeOnLoadMethodAttributes (53ms)
				AfterProcessingInitializeOnLoad (0ms)
				EditorAssembliesLoaded (0ms)
			ExecutionOrderSort2 (0ms)
			AwakeInstancesAfterBackupRestoration (0ms)
Platform modules already initialized, skipping
Registering precompiled user dll's ...
Registered in 0.008104 seconds.
Begin MonoManager ReloadAssembly
Symbol file LoadedFromMemory doesn't match image C:\Users\Anxian Zhang\Documents\Unity\1rt-game\Library\PackageCache\com.unity.visualscripting@1.7.8\Editor\VisualScripting.Core\Dependencies\YamlDotNet\Unity.VisualScripting.YamlDotNet.dll
Symbol file LoadedFromMemory doesn't match image C:\Users\Anxian Zhang\Documents\Unity\1rt-game\Library\PackageCache\com.unity.visualscripting@1.7.8\Editor\VisualScripting.Core\Dependencies\DotNetZip\Unity.VisualScripting.IonicZip.dll
Native extension for WindowsStandalone target not found
Refreshing native plugins compatible for Editor in 98.08 ms, found 4 plugins.
Preloading 0 native plugins for Editor in 0.00 ms.
Mono: successfully reloaded assembly
- Completed reload, in  1.273 seconds
Domain Reload Profiling:
	ReloadAssembly (1275ms)
		BeginReloadAssembly (118ms)
			ExecutionOrderSort (0ms)
			DisableScriptedObjects (6ms)
			BackupInstance (0ms)
			ReleaseScriptingObjects (0ms)
			CreateAndSetChildDomain (20ms)
		EndReloadAssembly (1038ms)
			LoadAssemblies (88ms)
			RebuildTransferFunctionScriptingTraits (0ms)
			SetupTypeCache (298ms)
				TypeCache.Initialize (294ms)
					TypeCache.ScanAssembly (290ms)
				ResolveRequiredComponents (5ms)
			ReleaseScriptCaches (1ms)
			RebuildScriptCaches (61ms)
			SetupLoadedEditorAssemblies (523ms)
				LogAssemblyErrors (0ms)
				InitializePlatformSupportModulesInManaged (4ms)
				SetLoadedEditorAssemblies (7ms)
				RefreshPlugins (98ms)
				BeforeProcessingInitializeOnLoad (103ms)
				ProcessInitializeOnLoadAttributes (265ms)
				ProcessInitializeOnLoadMethodAttributes (41ms)
				AfterProcessingInitializeOnLoad (6ms)
				EditorAssembliesLoaded (0ms)
			ExecutionOrderSort2 (0ms)
			AwakeInstancesAfterBackupRestoration (9ms)
Platform modules already initialized, skipping
========================================================================
Worker process is ready to serve import requests
Launched and connected shader compiler UnityShaderCompiler.exe after 0.07 seconds
Refreshing native plugins compatible for Editor in 0.70 ms, found 4 plugins.
Preloading 0 native plugins for Editor in 0.00 ms.
Unloading 4089 Unused Serialized files (Serialized files now loaded: 0)
Unloading 39 unused Assets / (58.0 KB). Loaded Objects now: 4546.
Memory consumption went from 0.62 GB to 0.62 GB.
Total: 3.656300 ms (FindLiveObjects: 0.325300 ms CreateObjectMapping: 0.259700 ms MarkObjects: 2.976800 ms  DeleteObjects: 0.093000 ms)

AssetImportParameters requested are different than current active one (requested -> active):
  custom:video-decoder-ogg-theora: a1e56fd34408186e4bbccfd4996cb3dc -> 
  custom:container-muxer-webm: aa71ff27fc2769a1b78a27578f13a17b -> 
  custom:container-demuxer-webm: 4f35f7cbe854078d1ac9338744f61a02 -> 
  custom:video-encoder-webm-vp8: eb34c28f22e8b96e1ab97ce403110664 -> 
  custom:audio-encoder-webm-vorbis: bf7c407c2cedff20999df2af8eb42d56 -> 
  custom:framework-win-MediaFoundation: 216162199b28c13a410421893ffa2e32 -> 
  custom:container-demuxer-ogg: 62fdf1f143b41e24485cea50d1cbac27 -> 
  custom:video-decoder-webm-vp8: 9c59270c3fd7afecdb556c50c9e8de78 -> 
  custom:audio-decoder-ogg-vorbis: bf7c407c2cedff20999df2af8eb42d56 -> 
========================================================================
Received Import Request.
  Time since last request: 86859.383121 seconds.
  path: Assets
  artifactKey: Guid(00000000000000001000000000000000) Importer(815301076,1909f56bfc062723c751e8b465ee728b)
Start importing Assets using Guid(00000000000000001000000000000000) Importer(815301076,1909f56bfc062723c751e8b465ee728b)  -> (artifact id: '643dbe22ecb75e7bba7c4df53f6b1cbf') in 0.006368 seconds 
========================================================================
Received Import Request.
  Time since last request: 8.675481 seconds.
  path: Assets/img
  artifactKey: Guid(669e27bbb7e97054ba7e2d300049c9a7) Importer(815301076,1909f56bfc062723c751e8b465ee728b)
Start importing Assets/img using Guid(669e27bbb7e97054ba7e2d300049c9a7) Importer(815301076,1909f56bfc062723c751e8b465ee728b)  -> (artifact id: 'db1ee729647efa1a4e6d65df0dab3fd8') in 0.014007 seconds 
========================================================================
Received Import Request.
  Time since last request: 8.613250 seconds.
  path: Assets/img/characters.png
  artifactKey: Guid(2bf5a67acd5e24243b327100645243c7) Importer(815301076,1909f56bfc062723c751e8b465ee728b)
Start importing Assets/img/characters.png using Guid(2bf5a67acd5e24243b327100645243c7) Importer(815301076,1909f56bfc062723c751e8b465ee728b)  -> (artifact id: '854aebcb08a32b695c68b3404402d80b') in 0.165808 seconds 
========================================================================
Received Import Request.
  Time since last request: 0.000031 seconds.
  path: Assets/img/sheet.png
  artifactKey: Guid(6b2e2564d1c48844f9e195c5dd0fd52c) Importer(815301076,1909f56bfc062723c751e8b465ee728b)
Start importing Assets/img/sheet.png using Guid(6b2e2564d1c48844f9e195c5dd0fd52c) Importer(815301076,1909f56bfc062723c751e8b465ee728b)  -> (artifact id: '2cbecc61c917ef55e80b829602d46aa4') in 0.108380 seconds 
========================================================================
Received Import Request.
  Time since last request: 0.000036 seconds.
  path: Assets/img/swoosh.png
  artifactKey: Guid(bdd7ce7e219e09346951c5e9a3a29e07) Importer(815301076,1909f56bfc062723c751e8b465ee728b)
Start importing Assets/img/swoosh.png using Guid(bdd7ce7e219e09346951c5e9a3a29e07) Importer(815301076,1909f56bfc062723c751e8b465ee728b)  -> (artifact id: '76f2e564fecd11907be6042021d59127') in 0.041146 seconds 
========================================================================
Received Import Request.
  Time since last request: 243.262120 seconds.
  path: Assets/img/sheet.png
  artifactKey: Guid(6b2e2564d1c48844f9e195c5dd0fd52c) Importer(815301076,1909f56bfc062723c751e8b465ee728b)
Start importing Assets/img/sheet.png using Guid(6b2e2564d1c48844f9e195c5dd0fd52c) Importer(815301076,1909f56bfc062723c751e8b465ee728b)  -> (artifact id: 'bd08044dd827c9b31153e8720885363c') in 0.013955 seconds 
========================================================================
Received Import Request.
  Time since last request: 105.218446 seconds.
  path: Assets/img/sheet.png
  artifactKey: Guid(6b2e2564d1c48844f9e195c5dd0fd52c) Importer(815301076,1909f56bfc062723c751e8b465ee728b)
Start importing Assets/img/sheet.png using Guid(6b2e2564d1c48844f9e195c5dd0fd52c) Importer(815301076,1909f56bfc062723c751e8b465ee728b)  -> (artifact id: '806b1d96d803fa6b8a391888b3302946') in 0.427661 seconds 
========================================================================
Received Import Request.
  Time since last request: 21.044405 seconds.
  path: Assets/img/characters.png
  artifactKey: Guid(2bf5a67acd5e24243b327100645243c7) Importer(815301076,1909f56bfc062723c751e8b465ee728b)
Start importing Assets/img/characters.png using Guid(2bf5a67acd5e24243b327100645243c7) Importer(815301076,1909f56bfc062723c751e8b465ee728b)  -> (artifact id: '71d1bc4cbfec2d7aeda7fd5a5c512782') in 0.011304 seconds 
========================================================================
Received Import Request.
  Time since last request: 434.000416 seconds.
  path: Assets/Palettes/Enviroments-TileSheet.prefab
  artifactKey: Guid(c9a9579374f9fbb4f8b2637169273db4) Importer(815301076,1909f56bfc062723c751e8b465ee728b)
Start importing Assets/Palettes/Enviroments-TileSheet.prefab using Guid(c9a9579374f9fbb4f8b2637169273db4) Importer(815301076,1909f56bfc062723c751e8b465ee728b)  -> (artifact id: '22c1bd83357e96ea7b96cc1e64904410') in 0.132721 seconds 
========================================================================
Received Import Request.
  Time since last request: 5.284502 seconds.
  path: Assets/Tiles/sheet_0.asset
  artifactKey: Guid(a234e44c0c75dfb4b912f994f18b422f) Importer(815301076,1909f56bfc062723c751e8b465ee728b)
Start importing Assets/Tiles/sheet_0.asset using Guid(a234e44c0c75dfb4b912f994f18b422f) Importer(815301076,1909f56bfc062723c751e8b465ee728b)  -> (artifact id: 'd908581ccdfa0265512429724573db13') in 0.015044 seconds 
========================================================================
Received Import Request.
  Time since last request: 0.000018 seconds.
  path: Assets/Tiles/sheet_6.asset
  artifactKey: Guid(4c2719b3fa3502b4d9ba4a3aa6f3394b) Importer(815301076,1909f56bfc062723c751e8b465ee728b)
Start importing Assets/Tiles/sheet_6.asset using Guid(4c2719b3fa3502b4d9ba4a3aa6f3394b) Importer(815301076,1909f56bfc062723c751e8b465ee728b)  -> (artifact id: 'b245b13202a7648e95fd6154247548cf') in 0.011935 seconds 
========================================================================
Received Import Request.
  Time since last request: 0.000016 seconds.
  path: Assets/Tiles/sheet_10.asset
  artifactKey: Guid(81fa553f7ef4a4d4581fd794d4109f61) Importer(815301076,1909f56bfc062723c751e8b465ee728b)
Start importing Assets/Tiles/sheet_10.asset using Guid(81fa553f7ef4a4d4581fd794d4109f61) Importer(815301076,1909f56bfc062723c751e8b465ee728b)  -> (artifact id: 'c335c7857255200ddaed45fdfe93cdd1') in 0.013080 seconds 
========================================================================
Received Import Request.
  Time since last request: 0.000020 seconds.
  path: Assets/Tiles/sheet_13.asset
  artifactKey: Guid(1f01df2765e1a4942b72415115130320) Importer(815301076,1909f56bfc062723c751e8b465ee728b)
Start importing Assets/Tiles/sheet_13.asset using Guid(1f01df2765e1a4942b72415115130320) Importer(815301076,1909f56bfc062723c751e8b465ee728b)  -> (artifact id: '4ec9d05993ef2d96ad4bae9fd0ae484e') in 0.024262 seconds 
========================================================================
Received Import Request.
  Time since last request: 0.000022 seconds.
  path: Assets/Tiles/sheet_20.asset
  artifactKey: Guid(999066378ae6e144c9309eefebb40384) Importer(815301076,1909f56bfc062723c751e8b465ee728b)
Start importing Assets/Tiles/sheet_20.asset using Guid(999066378ae6e144c9309eefebb40384) Importer(815301076,1909f56bfc062723c751e8b465ee728b)  -> (artifact id: 'c19e58c1331a1999a81f7c630717af0e') in 0.012356 seconds 
========================================================================
Received Import Request.
  Time since last request: 0.000024 seconds.
  path: Assets/Tiles/sheet_21.asset
  artifactKey: Guid(e42c9ee405c007548a7355caaa0cace1) Importer(815301076,1909f56bfc062723c751e8b465ee728b)
Start importing Assets/Tiles/sheet_21.asset using Guid(e42c9ee405c007548a7355caaa0cace1) Importer(815301076,1909f56bfc062723c751e8b465ee728b)  -> (artifact id: '64165a41b6b2d0eb23ca002d95b789e4') in 0.013964 seconds 
========================================================================
Received Import Request.
  Time since last request: 0.000019 seconds.
  path: Assets/Tiles/sheet_26.asset
  artifactKey: Guid(248c3b6960138c14198a26ce1fa4429b) Importer(815301076,1909f56bfc062723c751e8b465ee728b)
Start importing Assets/Tiles/sheet_26.asset using Guid(248c3b6960138c14198a26ce1fa4429b) Importer(815301076,1909f56bfc062723c751e8b465ee728b)  -> (artifact id: 'e58b255657acd2c15a5802fa5a9387fb') in 0.032616 seconds 
========================================================================
Received Import Request.
  Time since last request: 0.000028 seconds.
  path: Assets/Tiles/sheet_34.asset
  artifactKey: Guid(0cbd17ea55c70b44388eacf5c739abf1) Importer(815301076,1909f56bfc062723c751e8b465ee728b)
Start importing Assets/Tiles/sheet_34.asset using Guid(0cbd17ea55c70b44388eacf5c739abf1) Importer(815301076,1909f56bfc062723c751e8b465ee728b)  -> (artifact id: '17577cc94d26dcd508bc42fc169851d1') in 0.010783 seconds 
========================================================================
Received Import Request.
  Time since last request: 0.000022 seconds.
  path: Assets/Tiles/sheet_29.asset
  artifactKey: Guid(315a8cd56a1cc534f971ff78eec7ec5c) Importer(815301076,1909f56bfc062723c751e8b465ee728b)
Start importing Assets/Tiles/sheet_29.asset using Guid(315a8cd56a1cc534f971ff78eec7ec5c) Importer(815301076,1909f56bfc062723c751e8b465ee728b)  -> (artifact id: 'ba8a2bd5e0b218d4397dcf7edadffe4e') in 0.021863 seconds 
========================================================================
Received Import Request.
  Time since last request: 0.000016 seconds.
  path: Assets/Tiles/sheet_1.asset
  artifactKey: Guid(389992ab046777a46b391d041dd21439) Importer(815301076,1909f56bfc062723c751e8b465ee728b)
Start importing Assets/Tiles/sheet_1.asset using Guid(389992ab046777a46b391d041dd21439) Importer(815301076,1909f56bfc062723c751e8b465ee728b)  -> (artifact id: '8d153f9144c80fcbc36e49d0d82978c4') in 0.011040 seconds 
========================================================================
Received Import Request.
  Time since last request: 0.000019 seconds.
  path: Assets/Tiles/sheet_2.asset
  artifactKey: Guid(1fccd65ba44aa0542bf50187b5f8a86b) Importer(815301076,1909f56bfc062723c751e8b465ee728b)
Start importing Assets/Tiles/sheet_2.asset using Guid(1fccd65ba44aa0542bf50187b5f8a86b) Importer(815301076,1909f56bfc062723c751e8b465ee728b)  -> (artifact id: '398e439fca04a97baa8c194a7caa0904') in 0.012374 seconds 
========================================================================
Received Import Request.
  Time since last request: 0.000019 seconds.
  path: Assets/Tiles/sheet_30.asset
  artifactKey: Guid(83e7fe8dbe657e640a973154fbe0af63) Importer(815301076,1909f56bfc062723c751e8b465ee728b)
Start importing Assets/Tiles/sheet_30.asset using Guid(83e7fe8dbe657e640a973154fbe0af63) Importer(815301076,1909f56bfc062723c751e8b465ee728b)  -> (artifact id: '193d3821931bcdb272630ea3d77d4c9d') in 0.023096 seconds 
========================================================================
Received Import Request.
  Time since last request: 0.000018 seconds.
  path: Assets/Tiles/sheet_3.asset
  artifactKey: Guid(befc3863b3c9860429246fa97137ceb8) Importer(815301076,1909f56bfc062723c751e8b465ee728b)
Start importing Assets/Tiles/sheet_3.asset using Guid(befc3863b3c9860429246fa97137ceb8) Importer(815301076,1909f56bfc062723c751e8b465ee728b)  -> (artifact id: '402669192ecbb2596358968dfbddc543') in 0.012692 seconds 
========================================================================
Received Import Request.
  Time since last request: 0.000017 seconds.
  path: Assets/Tiles/sheet_25.asset
  artifactKey: Guid(10e8abd4768129e4890d3825f1b628ee) Importer(815301076,1909f56bfc062723c751e8b465ee728b)
Start importing Assets/Tiles/sheet_25.asset using Guid(10e8abd4768129e4890d3825f1b628ee) Importer(815301076,1909f56bfc062723c751e8b465ee728b)  -> (artifact id: '8fef25afd234a83a0a14c9fbbcf33eb4') in 0.011843 seconds 
========================================================================
Received Import Request.
  Time since last request: 0.000018 seconds.
  path: Assets/Tiles/sheet_12.asset
  artifactKey: Guid(cbe696a8c3a08ef48a373ef740e63344) Importer(815301076,1909f56bfc062723c751e8b465ee728b)
Start importing Assets/Tiles/sheet_12.asset using Guid(cbe696a8c3a08ef48a373ef740e63344) Importer(815301076,1909f56bfc062723c751e8b465ee728b)  -> (artifact id: 'f90bf60a8e36bba81b50d12c78f03a99') in 0.014431 seconds 
========================================================================
Received Import Request.
  Time since last request: 0.000023 seconds.
  path: Assets/Tiles/sheet_4.asset
  artifactKey: Guid(d7400df2a9d5cdc468b65ae4b0da9469) Importer(815301076,1909f56bfc062723c751e8b465ee728b)
Start importing Assets/Tiles/sheet_4.asset using Guid(d7400df2a9d5cdc468b65ae4b0da9469) Importer(815301076,1909f56bfc062723c751e8b465ee728b)  -> (artifact id: 'c32ae7733b5850f249df276a3279acdd') in 0.013079 seconds 
========================================================================
Received Import Request.
  Time since last request: 0.000039 seconds.
  path: Assets/Tiles/sheet_32.asset
  artifactKey: Guid(166580cc12461b74d82d005768472b76) Importer(815301076,1909f56bfc062723c751e8b465ee728b)
Start importing Assets/Tiles/sheet_32.asset using Guid(166580cc12461b74d82d005768472b76) Importer(815301076,1909f56bfc062723c751e8b465ee728b)  -> (artifact id: '3429b0a1eb28a8141f31589659e1370f') in 0.014799 seconds 
========================================================================
Received Import Request.
  Time since last request: 0.000023 seconds.
  path: Assets/Tiles/sheet_31.asset
  artifactKey: Guid(8d0865206c5ff1641b614e5b1b5547d8) Importer(815301076,1909f56bfc062723c751e8b465ee728b)
Start importing Assets/Tiles/sheet_31.asset using Guid(8d0865206c5ff1641b614e5b1b5547d8) Importer(815301076,1909f56bfc062723c751e8b465ee728b)  -> (artifact id: 'de01974a346274814d6e4da267a0f96e') in 0.028796 seconds 
========================================================================
Received Import Request.
  Time since last request: 0.000022 seconds.
  path: Assets/Tiles/sheet_23.asset
  artifactKey: Guid(28d9d48446e7ed04685824a92553c30b) Importer(815301076,1909f56bfc062723c751e8b465ee728b)
Start importing Assets/Tiles/sheet_23.asset using Guid(28d9d48446e7ed04685824a92553c30b) Importer(815301076,1909f56bfc062723c751e8b465ee728b)  -> (artifact id: 'fb62fe3a007968b52e2e474b2664ee97') in 0.015230 seconds 
========================================================================
Received Import Request.
  Time since last request: 0.000024 seconds.
  path: Assets/Tiles/sheet_35.asset
  artifactKey: Guid(3cffbb279bb4a1640b1f68c03665f480) Importer(815301076,1909f56bfc062723c751e8b465ee728b)
Start importing Assets/Tiles/sheet_35.asset using Guid(3cffbb279bb4a1640b1f68c03665f480) Importer(815301076,1909f56bfc062723c751e8b465ee728b)  -> (artifact id: 'ee9a7412b3380e3f674a3cc3ccb65892') in 0.014381 seconds 
========================================================================
Received Import Request.
  Time since last request: 0.000027 seconds.
  path: Assets/Tiles/sheet_33.asset
  artifactKey: Guid(8a854020e5af9794eade33aa33d58786) Importer(815301076,1909f56bfc062723c751e8b465ee728b)
Start importing Assets/Tiles/sheet_33.asset using Guid(8a854020e5af9794eade33aa33d58786) Importer(815301076,1909f56bfc062723c751e8b465ee728b)  -> (artifact id: '963c8d55c09e2ae3d2d68c3d8b10889c') in 0.012478 seconds 
========================================================================
Received Import Request.
  Time since last request: 0.000038 seconds.
  path: Assets/Tiles/sheet_22.asset
  artifactKey: Guid(be30047a846a7f34c832e1fe97d7fbc3) Importer(815301076,1909f56bfc062723c751e8b465ee728b)
Start importing Assets/Tiles/sheet_22.asset using Guid(be30047a846a7f34c832e1fe97d7fbc3) Importer(815301076,1909f56bfc062723c751e8b465ee728b)  -> (artifact id: 'a3687121aaf36f20ff23c29ed5ce61ab') in 0.012367 seconds 
========================================================================
Received Import Request.
  Time since last request: 0.000025 seconds.
  path: Assets/Tiles/sheet_16.asset
  artifactKey: Guid(eb23a855a0d236340b274e038488a870) Importer(815301076,1909f56bfc062723c751e8b465ee728b)
Start importing Assets/Tiles/sheet_16.asset using Guid(eb23a855a0d236340b274e038488a870) Importer(815301076,1909f56bfc062723c751e8b465ee728b)  -> (artifact id: '5c9ba6193608a3b6924b030a91a8dfcf') in 0.013549 seconds 
========================================================================
Received Import Request.
  Time since last request: 0.000023 seconds.
  path: Assets/Tiles/sheet_14.asset
  artifactKey: Guid(f73d61d1414646f4688ba75930f7a60e) Importer(815301076,1909f56bfc062723c751e8b465ee728b)
Start importing Assets/Tiles/sheet_14.asset using Guid(f73d61d1414646f4688ba75930f7a60e) Importer(815301076,1909f56bfc062723c751e8b465ee728b)  -> (artifact id: 'aa3ab9836fd7fa94ebd31bc0aa3deec4') in 0.012516 seconds 
========================================================================
Received Import Request.
  Time since last request: 0.000030 seconds.
  path: Assets/Tiles/sheet_27.asset
  artifactKey: Guid(b0503e0ee17658945a17b334ab3494e4) Importer(815301076,1909f56bfc062723c751e8b465ee728b)
Start importing Assets/Tiles/sheet_27.asset using Guid(b0503e0ee17658945a17b334ab3494e4) Importer(815301076,1909f56bfc062723c751e8b465ee728b)  -> (artifact id: '3ab019234a32615a8638e5b80e3d2734') in 0.013289 seconds 
========================================================================
Received Import Request.
  Time since last request: 0.000023 seconds.
  path: Assets/Tiles/sheet_8.asset
  artifactKey: Guid(05af27caad050c44698b404f73a0f46d) Importer(815301076,1909f56bfc062723c751e8b465ee728b)
Start importing Assets/Tiles/sheet_8.asset using Guid(05af27caad050c44698b404f73a0f46d) Importer(815301076,1909f56bfc062723c751e8b465ee728b)  -> (artifact id: 'b8b8c3b8444875982f619f9232389f84') in 0.026765 seconds 
========================================================================
Received Import Request.
  Time since last request: 0.000022 seconds.
  path: Assets/Tiles/sheet_18.asset
  artifactKey: Guid(8f456389dbf13dd44a4d1fdd313bcd48) Importer(815301076,1909f56bfc062723c751e8b465ee728b)
Start importing Assets/Tiles/sheet_18.asset using Guid(8f456389dbf13dd44a4d1fdd313bcd48) Importer(815301076,1909f56bfc062723c751e8b465ee728b)  -> (artifact id: 'f5b77677678dc1621f50df03f44729f3') in 0.010939 seconds 
========================================================================
Received Import Request.
  Time since last request: 0.000029 seconds.
  path: Assets/Tiles/sheet_19.asset
  artifactKey: Guid(6d89c99397bc55746a411cc867d67f5c) Importer(815301076,1909f56bfc062723c751e8b465ee728b)
Start importing Assets/Tiles/sheet_19.asset using Guid(6d89c99397bc55746a411cc867d67f5c) Importer(815301076,1909f56bfc062723c751e8b465ee728b)  -> (artifact id: 'fd869da65ecce6a75fc4f5ad801d1f09') in 0.011945 seconds 
========================================================================
Received Import Request.
  Time since last request: 0.000021 seconds.
  path: Assets/Tiles/sheet_28.asset
  artifactKey: Guid(5995c26f0ae1d0741997c23d9dcbbb19) Importer(815301076,1909f56bfc062723c751e8b465ee728b)
Start importing Assets/Tiles/sheet_28.asset using Guid(5995c26f0ae1d0741997c23d9dcbbb19) Importer(815301076,1909f56bfc062723c751e8b465ee728b)  -> (artifact id: '39e75c6e094c864bf80962b3f30f7b89') in 0.010929 seconds 
========================================================================
Received Import Request.
  Time since last request: 0.000021 seconds.
  path: Assets/Tiles/sheet_5.asset
  artifactKey: Guid(908130f557cc47f409a8a770e01be035) Importer(815301076,1909f56bfc062723c751e8b465ee728b)
Start importing Assets/Tiles/sheet_5.asset using Guid(908130f557cc47f409a8a770e01be035) Importer(815301076,1909f56bfc062723c751e8b465ee728b)  -> (artifact id: 'c7b96a73f4d6a62419596e03c8e5d3cf') in 0.011872 seconds 
========================================================================
Received Import Request.
  Time since last request: 0.000022 seconds.
  path: Assets/Tiles/sheet_17.asset
  artifactKey: Guid(40970c83ed36e8b4b9f77b9a7d51502a) Importer(815301076,1909f56bfc062723c751e8b465ee728b)
Start importing Assets/Tiles/sheet_17.asset using Guid(40970c83ed36e8b4b9f77b9a7d51502a) Importer(815301076,1909f56bfc062723c751e8b465ee728b)  -> (artifact id: 'f8474b988021f59b073defce8a856370') in 0.012831 seconds 
========================================================================
Received Import Request.
  Time since last request: 0.000019 seconds.
  path: Assets/Tiles/sheet_11.asset
  artifactKey: Guid(4d6e7944534e6f74ca5746991609d2cb) Importer(815301076,1909f56bfc062723c751e8b465ee728b)
Start importing Assets/Tiles/sheet_11.asset using Guid(4d6e7944534e6f74ca5746991609d2cb) Importer(815301076,1909f56bfc062723c751e8b465ee728b)  -> (artifact id: 'ba409eb18038bf5298f7a655334cb9c9') in 0.013667 seconds 
========================================================================
Received Import Request.
  Time since last request: 0.000021 seconds.
  path: Assets/Tiles/sheet_9.asset
  artifactKey: Guid(0e92e81419bef0c45ba8c19eb370c82c) Importer(815301076,1909f56bfc062723c751e8b465ee728b)
Start importing Assets/Tiles/sheet_9.asset using Guid(0e92e81419bef0c45ba8c19eb370c82c) Importer(815301076,1909f56bfc062723c751e8b465ee728b)  -> (artifact id: '08377dd113c597c8de9f2ed9adac1282') in 0.012221 seconds 
========================================================================
Received Import Request.
  Time since last request: 0.000019 seconds.
  path: Assets/Tiles/sheet_24.asset
  artifactKey: Guid(587372d320db4b64c8cc7871d09d8cc6) Importer(815301076,1909f56bfc062723c751e8b465ee728b)
Start importing Assets/Tiles/sheet_24.asset using Guid(587372d320db4b64c8cc7871d09d8cc6) Importer(815301076,1909f56bfc062723c751e8b465ee728b)  -> (artifact id: 'c78183447f192c1d8745e2c94d1ce619') in 0.011188 seconds 
========================================================================
Received Import Request.
  Time since last request: 0.000022 seconds.
  path: Assets/Tiles/sheet_15.asset
  artifactKey: Guid(e31c143c85b1a0a47b82747b7c70114c) Importer(815301076,1909f56bfc062723c751e8b465ee728b)
Start importing Assets/Tiles/sheet_15.asset using Guid(e31c143c85b1a0a47b82747b7c70114c) Importer(815301076,1909f56bfc062723c751e8b465ee728b)  -> (artifact id: '0cb878db01b8d7bc229031340f3c3e53') in 0.011278 seconds 
========================================================================
Received Import Request.
  Time since last request: 0.000024 seconds.
  path: Assets/Tiles/sheet_36.asset
  artifactKey: Guid(c5bdb0decaf295c4aa92ab69665d3d5a) Importer(815301076,1909f56bfc062723c751e8b465ee728b)
Start importing Assets/Tiles/sheet_36.asset using Guid(c5bdb0decaf295c4aa92ab69665d3d5a) Importer(815301076,1909f56bfc062723c751e8b465ee728b)  -> (artifact id: '27d9de21b417ef54632a5db1196258e5') in 0.012517 seconds 
========================================================================
Received Import Request.
  Time since last request: 0.000026 seconds.
  path: Assets/Tiles/sheet_7.asset
  artifactKey: Guid(3afab5426c602704d9dc3975266497ae) Importer(815301076,1909f56bfc062723c751e8b465ee728b)
Start importing Assets/Tiles/sheet_7.asset using Guid(3afab5426c602704d9dc3975266497ae) Importer(815301076,1909f56bfc062723c751e8b465ee728b)  -> (artifact id: '190870798f2b93fbbf39a2c564448cb4') in 0.011623 seconds 
========================================================================
Received Prepare
Registering precompiled user dll's ...
Registered in 0.007287 seconds.
Begin MonoManager ReloadAssembly
Symbol file LoadedFromMemory doesn't match image C:\Users\Anxian Zhang\Documents\Unity\1rt-game\Library\PackageCache\com.unity.visualscripting@1.7.8\Editor\VisualScripting.Core\Dependencies\YamlDotNet\Unity.VisualScripting.YamlDotNet.dll
Symbol file LoadedFromMemory doesn't match image C:\Users\Anxian Zhang\Documents\Unity\1rt-game\Library\PackageCache\com.unity.visualscripting@1.7.8\Editor\VisualScripting.Core\Dependencies\DotNetZip\Unity.VisualScripting.IonicZip.dll
Native extension for WindowsStandalone target not found
Refreshing native plugins compatible for Editor in 1.02 ms, found 4 plugins.
Preloading 0 native plugins for Editor in 0.00 ms.
Mono: successfully reloaded assembly
- Completed reload, in  1.269 seconds
Domain Reload Profiling:
	ReloadAssembly (1269ms)
		BeginReloadAssembly (143ms)
			ExecutionOrderSort (0ms)
			DisableScriptedObjects (7ms)
			BackupInstance (0ms)
			ReleaseScriptingObjects (0ms)
			CreateAndSetChildDomain (42ms)
		EndReloadAssembly (1011ms)
			LoadAssemblies (106ms)
			RebuildTransferFunctionScriptingTraits (0ms)
			SetupTypeCache (315ms)
				TypeCache.Initialize (310ms)
					TypeCache.ScanAssembly (304ms)
				ResolveRequiredComponents (5ms)
			ReleaseScriptCaches (1ms)
			RebuildScriptCaches (61ms)
			SetupLoadedEditorAssemblies (444ms)
				LogAssemblyErrors (0ms)
				InitializePlatformSupportModulesInManaged (15ms)
				SetLoadedEditorAssemblies (9ms)
				RefreshPlugins (1ms)
				BeforeProcessingInitializeOnLoad (85ms)
				ProcessInitializeOnLoadAttributes (279ms)
				ProcessInitializeOnLoadMethodAttributes (47ms)
				AfterProcessingInitializeOnLoad (7ms)
				EditorAssembliesLoaded (0ms)
			ExecutionOrderSort2 (0ms)
			AwakeInstancesAfterBackupRestoration (15ms)
Platform modules already initialized, skipping
Refreshing native plugins compatible for Editor in 2.89 ms, found 4 plugins.
Preloading 0 native plugins for Editor in 0.00 ms.
Unloading 4078 Unused Serialized files (Serialized files now loaded: 0)
Unloading 26 unused Assets / (25.4 KB). Loaded Objects now: 4568.
Memory consumption went from 0.62 GB to 0.62 GB.
Total: 4.698300 ms (FindLiveObjects: 0.353800 ms CreateObjectMapping: 0.397100 ms MarkObjects: 3.872100 ms  DeleteObjects: 0.070700 ms)

AssetImportParameters requested are different than current active one (requested -> active):
  custom:video-decoder-ogg-theora: a1e56fd34408186e4bbccfd4996cb3dc -> 
  custom:container-muxer-webm: aa71ff27fc2769a1b78a27578f13a17b -> 
  custom:container-demuxer-webm: 4f35f7cbe854078d1ac9338744f61a02 -> 
  custom:video-encoder-webm-vp8: eb34c28f22e8b96e1ab97ce403110664 -> 
  custom:audio-encoder-webm-vorbis: bf7c407c2cedff20999df2af8eb42d56 -> 
  custom:framework-win-MediaFoundation: 216162199b28c13a410421893ffa2e32 -> 
  custom:container-demuxer-ogg: 62fdf1f143b41e24485cea50d1cbac27 -> 
  custom:video-decoder-webm-vp8: 9c59270c3fd7afecdb556c50c9e8de78 -> 
  custom:audio-decoder-ogg-vorbis: bf7c407c2cedff20999df2af8eb42d56 -> 
========================================================================
Received Prepare
Registering precompiled user dll's ...
Registered in 0.007906 seconds.
Begin MonoManager ReloadAssembly
Symbol file LoadedFromMemory doesn't match image C:\Users\Anxian Zhang\Documents\Unity\1rt-game\Library\PackageCache\com.unity.visualscripting@1.7.8\Editor\VisualScripting.Core\Dependencies\YamlDotNet\Unity.VisualScripting.YamlDotNet.dll
Symbol file LoadedFromMemory doesn't match image C:\Users\Anxian Zhang\Documents\Unity\1rt-game\Library\PackageCache\com.unity.visualscripting@1.7.8\Editor\VisualScripting.Core\Dependencies\DotNetZip\Unity.VisualScripting.IonicZip.dll
Native extension for WindowsStandalone target not found
Refreshing native plugins compatible for Editor in 0.80 ms, found 4 plugins.
Preloading 0 native plugins for Editor in 0.00 ms.
Mono: successfully reloaded assembly
- Completed reload, in  1.260 seconds
Domain Reload Profiling:
	ReloadAssembly (1261ms)
		BeginReloadAssembly (145ms)
			ExecutionOrderSort (0ms)
			DisableScriptedObjects (8ms)
			BackupInstance (0ms)
			ReleaseScriptingObjects (0ms)
			CreateAndSetChildDomain (42ms)
		EndReloadAssembly (1011ms)
			LoadAssemblies (104ms)
			RebuildTransferFunctionScriptingTraits (0ms)
			SetupTypeCache (317ms)
				TypeCache.Initialize (312ms)
					TypeCache.ScanAssembly (306ms)
				ResolveRequiredComponents (6ms)
			ReleaseScriptCaches (2ms)
			RebuildScriptCaches (61ms)
			SetupLoadedEditorAssemblies (444ms)
				LogAssemblyErrors (0ms)
				InitializePlatformSupportModulesInManaged (13ms)
				SetLoadedEditorAssemblies (8ms)
				RefreshPlugins (1ms)
				BeforeProcessingInitializeOnLoad (87ms)
				ProcessInitializeOnLoadAttributes (277ms)
				ProcessInitializeOnLoadMethodAttributes (50ms)
				AfterProcessingInitializeOnLoad (7ms)
				EditorAssembliesLoaded (0ms)
			ExecutionOrderSort2 (0ms)
			AwakeInstancesAfterBackupRestoration (15ms)
Platform modules already initialized, skipping
Refreshing native plugins compatible for Editor in 2.74 ms, found 4 plugins.
Preloading 0 native plugins for Editor in 0.00 ms.
Unloading 4079 Unused Serialized files (Serialized files now loaded: 0)
Unloading 26 unused Assets / (32.5 KB). Loaded Objects now: 4571.
Memory consumption went from 0.62 GB to 0.62 GB.
Total: 4.465200 ms (FindLiveObjects: 0.655300 ms CreateObjectMapping: 0.419100 ms MarkObjects: 3.350700 ms  DeleteObjects: 0.038800 ms)

AssetImportParameters requested are different than current active one (requested -> active):
  custom:video-decoder-ogg-theora: a1e56fd34408186e4bbccfd4996cb3dc -> 
  custom:container-muxer-webm: aa71ff27fc2769a1b78a27578f13a17b -> 
  custom:container-demuxer-webm: 4f35f7cbe854078d1ac9338744f61a02 -> 
  custom:video-encoder-webm-vp8: eb34c28f22e8b96e1ab97ce403110664 -> 
  custom:audio-encoder-webm-vorbis: bf7c407c2cedff20999df2af8eb42d56 -> 
  custom:framework-win-MediaFoundation: 216162199b28c13a410421893ffa2e32 -> 
  custom:container-demuxer-ogg: 62fdf1f143b41e24485cea50d1cbac27 -> 
  custom:video-decoder-webm-vp8: 9c59270c3fd7afecdb556c50c9e8de78 -> 
  custom:audio-decoder-ogg-vorbis: bf7c407c2cedff20999df2af8eb42d56 -> 
========================================================================
Received Prepare
Registering precompiled user dll's ...
Registered in 0.008078 seconds.
Begin MonoManager ReloadAssembly
Symbol file LoadedFromMemory doesn't match image C:\Users\Anxian Zhang\Documents\Unity\1rt-game\Library\PackageCache\com.unity.visualscripting@1.7.8\Editor\VisualScripting.Core\Dependencies\YamlDotNet\Unity.VisualScripting.YamlDotNet.dll
Symbol file LoadedFromMemory doesn't match image C:\Users\Anxian Zhang\Documents\Unity\1rt-game\Library\PackageCache\com.unity.visualscripting@1.7.8\Editor\VisualScripting.Core\Dependencies\DotNetZip\Unity.VisualScripting.IonicZip.dll
Native extension for WindowsStandalone target not found
Refreshing native plugins compatible for Editor in 0.92 ms, found 4 plugins.
Preloading 0 native plugins for Editor in 0.00 ms.
Mono: successfully reloaded assembly
- Completed reload, in  1.209 seconds
Domain Reload Profiling:
	ReloadAssembly (1210ms)
		BeginReloadAssembly (138ms)
			ExecutionOrderSort (0ms)
			DisableScriptedObjects (9ms)
			BackupInstance (0ms)
			ReleaseScriptingObjects (0ms)
			CreateAndSetChildDomain (40ms)
		EndReloadAssembly (973ms)
			LoadAssemblies (86ms)
			RebuildTransferFunctionScriptingTraits (0ms)
			SetupTypeCache (309ms)
				TypeCache.Initialize (303ms)
					TypeCache.ScanAssembly (297ms)
				ResolveRequiredComponents (6ms)
			ReleaseScriptCaches (1ms)
			RebuildScriptCaches (57ms)
			SetupLoadedEditorAssemblies (436ms)
				LogAssemblyErrors (0ms)
				InitializePlatformSupportModulesInManaged (14ms)
				SetLoadedEditorAssemblies (8ms)
				RefreshPlugins (1ms)
				BeforeProcessingInitializeOnLoad (86ms)
				ProcessInitializeOnLoadAttributes (272ms)
				ProcessInitializeOnLoadMethodAttributes (47ms)
				AfterProcessingInitializeOnLoad (7ms)
				EditorAssembliesLoaded (0ms)
			ExecutionOrderSort2 (0ms)
			AwakeInstancesAfterBackupRestoration (15ms)
Platform modules already initialized, skipping
Refreshing native plugins compatible for Editor in 3.31 ms, found 4 plugins.
Preloading 0 native plugins for Editor in 0.00 ms.
Unloading 4079 Unused Serialized files (Serialized files now loaded: 0)
Unloading 26 unused Assets / (32.6 KB). Loaded Objects now: 4574.
Memory consumption went from 0.62 GB to 0.62 GB.
Total: 3.821500 ms (FindLiveObjects: 0.390300 ms CreateObjectMapping: 0.401900 ms MarkObjects: 2.978600 ms  DeleteObjects: 0.049100 ms)

AssetImportParameters requested are different than current active one (requested -> active):
  custom:video-decoder-ogg-theora: a1e56fd34408186e4bbccfd4996cb3dc -> 
  custom:container-muxer-webm: aa71ff27fc2769a1b78a27578f13a17b -> 
  custom:container-demuxer-webm: 4f35f7cbe854078d1ac9338744f61a02 -> 
  custom:video-encoder-webm-vp8: eb34c28f22e8b96e1ab97ce403110664 -> 
  custom:audio-encoder-webm-vorbis: bf7c407c2cedff20999df2af8eb42d56 -> 
  custom:framework-win-MediaFoundation: 216162199b28c13a410421893ffa2e32 -> 
  custom:container-demuxer-ogg: 62fdf1f143b41e24485cea50d1cbac27 -> 
  custom:video-decoder-webm-vp8: 9c59270c3fd7afecdb556c50c9e8de78 -> 
  custom:audio-decoder-ogg-vorbis: bf7c407c2cedff20999df2af8eb42d56 -> 
========================================================================
Received Prepare
Registering precompiled user dll's ...
Registered in 0.007757 seconds.
Begin MonoManager ReloadAssembly
Symbol file LoadedFromMemory doesn't match image C:\Users\Anxian Zhang\Documents\Unity\1rt-game\Library\PackageCache\com.unity.visualscripting@1.7.8\Editor\VisualScripting.Core\Dependencies\YamlDotNet\Unity.VisualScripting.YamlDotNet.dll
Symbol file LoadedFromMemory doesn't match image C:\Users\Anxian Zhang\Documents\Unity\1rt-game\Library\PackageCache\com.unity.visualscripting@1.7.8\Editor\VisualScripting.Core\Dependencies\DotNetZip\Unity.VisualScripting.IonicZip.dll
Native extension for WindowsStandalone target not found
Refreshing native plugins compatible for Editor in 0.88 ms, found 4 plugins.
Preloading 0 native plugins for Editor in 0.00 ms.
Mono: successfully reloaded assembly
- Completed reload, in  1.223 seconds
Domain Reload Profiling:
	ReloadAssembly (1224ms)
		BeginReloadAssembly (133ms)
			ExecutionOrderSort (0ms)
			DisableScriptedObjects (8ms)
			BackupInstance (0ms)
			ReleaseScriptingObjects (0ms)
			CreateAndSetChildDomain (39ms)
		EndReloadAssembly (990ms)
			LoadAssemblies (91ms)
			RebuildTransferFunctionScriptingTraits (0ms)
			SetupTypeCache (312ms)
				TypeCache.Initialize (306ms)
					TypeCache.ScanAssembly (300ms)
				ResolveRequiredComponents (6ms)
			ReleaseScriptCaches (2ms)
			RebuildScriptCaches (58ms)
			SetupLoadedEditorAssemblies (438ms)
				LogAssemblyErrors (0ms)
				InitializePlatformSupportModulesInManaged (14ms)
				SetLoadedEditorAssemblies (8ms)
				RefreshPlugins (1ms)
				BeforeProcessingInitializeOnLoad (86ms)
				ProcessInitializeOnLoadAttributes (274ms)
				ProcessInitializeOnLoadMethodAttributes (47ms)
				AfterProcessingInitializeOnLoad (7ms)
				EditorAssembliesLoaded (0ms)
			ExecutionOrderSort2 (0ms)
			AwakeInstancesAfterBackupRestoration (15ms)
Platform modules already initialized, skipping
Refreshing native plugins compatible for Editor in 2.81 ms, found 4 plugins.
Preloading 0 native plugins for Editor in 0.00 ms.
Unloading 4079 Unused Serialized files (Serialized files now loaded: 0)
Unloading 26 unused Assets / (32.5 KB). Loaded Objects now: 4577.
Memory consumption went from 0.62 GB to 0.62 GB.
Total: 3.710200 ms (FindLiveObjects: 0.345800 ms CreateObjectMapping: 0.370600 ms MarkObjects: 2.961000 ms  DeleteObjects: 0.031300 ms)

AssetImportParameters requested are different than current active one (requested -> active):
  custom:video-decoder-ogg-theora: a1e56fd34408186e4bbccfd4996cb3dc -> 
  custom:container-muxer-webm: aa71ff27fc2769a1b78a27578f13a17b -> 
  custom:container-demuxer-webm: 4f35f7cbe854078d1ac9338744f61a02 -> 
  custom:video-encoder-webm-vp8: eb34c28f22e8b96e1ab97ce403110664 -> 
  custom:audio-encoder-webm-vorbis: bf7c407c2cedff20999df2af8eb42d56 -> 
  custom:framework-win-MediaFoundation: 216162199b28c13a410421893ffa2e32 -> 
  custom:container-demuxer-ogg: 62fdf1f143b41e24485cea50d1cbac27 -> 
  custom:video-decoder-webm-vp8: 9c59270c3fd7afecdb556c50c9e8de78 -> 
  custom:audio-decoder-ogg-vorbis: bf7c407c2cedff20999df2af8eb42d56 -> 
